2014/04/24 06:02:26 [error] [exception.CDbException] exception 'CDbException' with message 'CDbConnection failed to open the DB connection: SQLSTATE[HY000] [1045] Access denied for user 'root'@'localhost' (using password: YES)' in D:\wamp\www\framework\db\CDbConnection.php:382
Stack trace:
#0 D:\wamp\www\framework\db\CDbConnection.php(330): CDbConnection->open()
#1 D:\wamp\www\framework\db\CDbConnection.php(308): CDbConnection->setActive(true)
#2 D:\wamp\www\framework\base\CModule.php(387): CDbConnection->init()
#3 D:\wamp\www\framework\base\CModule.php(103): CModule->getComponent('db')
#4 D:\wamp\www\framework\gii\generators\model\ModelCode.php(60): CModule->__get('db')
#5 D:\wamp\www\framework\web\CFormModel.php(39): ModelCode->init()
#6 D:\wamp\www\framework\gii\CCodeGenerator.php(153): CFormModel->__construct()
#7 D:\wamp\www\framework\gii\CCodeGenerator.php(63): CCodeGenerator->prepare()
#8 D:\wamp\www\framework\web\actions\CInlineAction.php(49): CCodeGenerator->actionIndex()
#9 D:\wamp\www\framework\web\CController.php(308): CInlineAction->runWithParams(Array)
#10 D:\wamp\www\framework\web\CController.php(286): CController->runAction(Object(CInlineAction))
#11 D:\wamp\www\framework\web\CController.php(265): CController->runActionWithFilters(Object(CInlineAction), Array)
#12 D:\wamp\www\framework\web\CWebApplication.php(282): CController->run('index')
#13 D:\wamp\www\framework\web\CWebApplication.php(141): CWebApplication->runController('gii/model/index')
#14 D:\wamp\www\framework\base\CApplication.php(180): CWebApplication->processRequest()
#15 D:\wamp\www\yiitest\index.php(13): CApplication->run()
#16 {main}
REQUEST_URI=/index.php?r=gii/model/index
HTTP_REFERER=http://www.yii.com:8080/index.php?r=gii/model/index
---
2014/04/24 06:14:56 [error] [system.db.CDbCommand] CDbCommand::fetchAll() failed: SQLSTATE[42S02]: Base table or view not found: 1146 Table 'yiitest.member' doesn't exist. The SQL statement executed was: SHOW FULL COLUMNS FROM `member`.
in D:\wamp\www\yiitest\index.php (13)
2014/04/24 06:15:10 [error] [system.db.CDbCommand] CDbCommand::fetchAll() failed: SQLSTATE[42S02]: Base table or view not found: 1146 Table 'yiitest.member' doesn't exist. The SQL statement executed was: SHOW FULL COLUMNS FROM `member`.
in D:\wamp\www\yiitest\index.php (13)
2014/04/24 06:15:17 [error] [system.db.CDbCommand] CDbCommand::fetchAll() failed: SQLSTATE[42S02]: Base table or view not found: 1146 Table 'yiitest.user' doesn't exist. The SQL statement executed was: SHOW FULL COLUMNS FROM `user`.
in D:\wamp\www\yiitest\index.php (13)
2014/04/24 06:15:32 [error] [system.db.CDbCommand] CDbCommand::fetchAll() failed: SQLSTATE[42S02]: Base table or view not found: 1146 Table 'yiitest.member' doesn't exist. The SQL statement executed was: SHOW FULL COLUMNS FROM `member`.
in D:\wamp\www\yiitest\index.php (13)
2014/04/24 06:15:57 [error] [system.db.CDbCommand] CDbCommand::fetchAll() failed: SQLSTATE[42S02]: Base table or view not found: 1146 Table 'yiitest.member' doesn't exist. The SQL statement executed was: SHOW FULL COLUMNS FROM `member`.
in D:\wamp\www\yiitest\index.php (13)
2014/04/24 06:16:47 [error] [system.db.CDbCommand] CDbCommand::fetchAll() failed: SQLSTATE[42S02]: Base table or view not found: 1146 Table 'blog.member' doesn't exist. The SQL statement executed was: SHOW FULL COLUMNS FROM `member`.
in D:\wamp\www\yiitest\index.php (13)
2014/04/24 06:16:50 [error] [system.db.CDbCommand] CDbCommand::fetchAll() failed: SQLSTATE[42S02]: Base table or view not found: 1146 Table 'blog.member' doesn't exist. The SQL statement executed was: SHOW FULL COLUMNS FROM `member`.
in D:\wamp\www\yiitest\index.php (13)
2014/04/24 06:21:33 [error] [exception.CHttpException.404] exception 'CHttpException' with message 'Unable to resolve the request "member".' in D:\wamp\www\framework\web\CWebApplication.php:286
Stack trace:
#0 D:\wamp\www\framework\web\CWebApplication.php(141): CWebApplication->runController('member')
#1 D:\wamp\www\framework\base\CApplication.php(180): CWebApplication->processRequest()
#2 D:\wamp\www\yiitest\index.php(13): CApplication->run()
#3 {main}
REQUEST_URI=/index.php?r=member
---
2014/04/24 06:21:56 [error] [exception.CHttpException.404] exception 'CHttpException' with message 'Unable to resolve the request "member".' in D:\wamp\www\framework\web\CWebApplication.php:286
Stack trace:
#0 D:\wamp\www\framework\web\CWebApplication.php(141): CWebApplication->runController('member')
#1 D:\wamp\www\framework\base\CApplication.php(180): CWebApplication->processRequest()
#2 D:\wamp\www\yiitest\index.php(13): CApplication->run()
#3 {main}
REQUEST_URI=/index.php?r=member
---
2014/04/24 06:26:30 [error] [exception.CHttpException.404] exception 'CHttpException' with message 'Unable to resolve the request "user/admin".' in D:\wamp\www\framework\web\CWebApplication.php:286
Stack trace:
#0 D:\wamp\www\framework\web\CWebApplication.php(141): CWebApplication->runController('user/admin')
#1 D:\wamp\www\framework\base\CApplication.php(180): CWebApplication->processRequest()
#2 D:\wamp\www\yiitest\index.php(13): CApplication->run()
#3 {main}
REQUEST_URI=/index.php?r=user/admin
---
2014/04/24 06:53:03 [error] [exception.CHttpException.404] exception 'CHttpException' with message 'Unable to resolve the request "site".' in D:\wamp\www\yiitest\framework\web\CWebApplication.php:286
Stack trace:
#0 D:\wamp\www\yiitest\framework\web\CWebApplication.php(141): CWebApplication->runController('')
#1 D:\wamp\www\yiitest\framework\base\CApplication.php(180): CWebApplication->processRequest()
#2 D:\wamp\www\yiitest\index.php(13): CApplication->run()
#3 {main}
REQUEST_URI=/index.php
---
2014/04/24 06:53:04 [error] [exception.CHttpException.404] exception 'CHttpException' with message 'Unable to resolve the request "site".' in D:\wamp\www\yiitest\framework\web\CWebApplication.php:286
Stack trace:
#0 D:\wamp\www\yiitest\framework\web\CWebApplication.php(141): CWebApplication->runController('')
#1 D:\wamp\www\yiitest\framework\base\CApplication.php(180): CWebApplication->processRequest()
#2 D:\wamp\www\yiitest\index.php(13): CApplication->run()
#3 {main}
REQUEST_URI=/index.php
---
2014/04/24 07:03:08 [error] [php] Use of undefined constant dd - assumed 'dd' (D:\wamp\www\yiitest\protected\views\site\index.php:5)
Stack trace:
#0 D:\wamp\www\yiitest\framework\web\CController.php(869): SiteController->renderFile()
#1 D:\wamp\www\yiitest\framework\web\CController.php(782): SiteController->renderPartial()
#2 D:\wamp\www\yiitest\protected\controllers\SiteController.php(32): SiteController->render()
#3 D:\wamp\www\yiitest\framework\web\actions\CInlineAction.php(49): SiteController->actionIndex()
#4 D:\wamp\www\yiitest\framework\web\CController.php(308): CInlineAction->runWithParams()
#5 D:\wamp\www\yiitest\framework\web\CController.php(286): SiteController->runAction()
#6 D:\wamp\www\yiitest\framework\web\CController.php(265): SiteController->runActionWithFilters()
#7 D:\wamp\www\yiitest\framework\web\CWebApplication.php(282): SiteController->run()
#8 D:\wamp\www\yiitest\framework\web\CWebApplication.php(141): CWebApplication->runController()
#9 D:\wamp\www\yiitest\framework\base\CApplication.php(180): CWebApplication->processRequest()
#10 D:\wamp\www\yiitest\index.php(13): CWebApplication->run()
REQUEST_URI=/index.php
in D:\wamp\www\yiitest\protected\views\site\index.php (5)
in D:\wamp\www\yiitest\protected\controllers\SiteController.php (32)
in D:\wamp\www\yiitest\index.php (13)
2014/04/25 02:35:23 [error] [exception.CException] exception 'CException' with message 'SiteController has an extra endWidget(CContentDecorator) call in its view.' in D:\wamp\www\yiitest\framework\web\CBaseController.php:210
Stack trace:
#0 D:\wamp\www\yiitest\framework\web\CBaseController.php(300): CBaseController->endWidget('CContentDecorat...')
#1 D:\wamp\www\yiitest\protected\views\layouts\column2.php(8): CBaseController->endContent()
#2 D:\wamp\www\yiitest\framework\web\CBaseController.php(126): require('D:\wamp\www\yii...')
#3 D:\wamp\www\yiitest\framework\web\CBaseController.php(95): CBaseController->renderInternal('D:\wamp\www\yii...', Array, true)
#4 D:\wamp\www\yiitest\framework\web\CController.php(784): CBaseController->renderFile('D:\wamp\www\yii...', Array, true)
#5 D:\wamp\www\yiitest\protected\controllers\SiteController.php(99): CController->render('login', Array)
#6 D:\wamp\www\yiitest\protected\controllers\SiteController.php(33): SiteController->actionLogin()
#7 D:\wamp\www\yiitest\framework\web\actions\CInlineAction.php(49): SiteController->actionIndex()
#8 D:\wamp\www\yiitest\framework\web\CController.php(308): CInlineAction->runWithParams(Array)
#9 D:\wamp\www\yiitest\framework\web\CController.php(286): CController->runAction(Object(CInlineAction))
#10 D:\wamp\www\yiitest\framework\web\CController.php(265): CController->runActionWithFilters(Object(CInlineAction), Array)
#11 D:\wamp\www\yiitest\framework\web\CWebApplication.php(282): CController->run('')
#12 D:\wamp\www\yiitest\framework\web\CWebApplication.php(141): CWebApplication->runController('')
#13 D:\wamp\www\yiitest\framework\base\CApplication.php(180): CWebApplication->processRequest()
#14 D:\wamp\www\yiitest\index.php(13): CApplication->run()
#15 {main}
REQUEST_URI=/index.php
---
2014/04/25 02:35:23 [error] [exception.CException] exception 'CException' with message 'SiteController has an extra endWidget(CContentDecorator) call in its view.' in D:\wamp\www\yiitest\framework\web\CBaseController.php:210
Stack trace:
#0 D:\wamp\www\yiitest\framework\web\CBaseController.php(300): CBaseController->endWidget('CContentDecorat...')
#1 D:\wamp\www\yiitest\protected\views\layouts\column2.php(8): CBaseController->endContent()
#2 D:\wamp\www\yiitest\framework\web\CBaseController.php(126): require('D:\wamp\www\yii...')
#3 D:\wamp\www\yiitest\framework\web\CBaseController.php(95): CBaseController->renderInternal('D:\wamp\www\yii...', Array, true)
#4 D:\wamp\www\yiitest\framework\web\CController.php(784): CBaseController->renderFile('D:\wamp\www\yii...', Array, true)
#5 D:\wamp\www\yiitest\protected\controllers\SiteController.php(99): CController->render('login', Array)
#6 D:\wamp\www\yiitest\protected\controllers\SiteController.php(33): SiteController->actionLogin()
#7 D:\wamp\www\yiitest\framework\web\actions\CInlineAction.php(49): SiteController->actionIndex()
#8 D:\wamp\www\yiitest\framework\web\CController.php(308): CInlineAction->runWithParams(Array)
#9 D:\wamp\www\yiitest\framework\web\CController.php(286): CController->runAction(Object(CInlineAction))
#10 D:\wamp\www\yiitest\framework\web\CController.php(265): CController->runActionWithFilters(Object(CInlineAction), Array)
#11 D:\wamp\www\yiitest\framework\web\CWebApplication.php(282): CController->run('')
#12 D:\wamp\www\yiitest\framework\web\CWebApplication.php(141): CWebApplication->runController('')
#13 D:\wamp\www\yiitest\framework\base\CApplication.php(180): CWebApplication->processRequest()
#14 D:\wamp\www\yiitest\index.php(13): CApplication->run()
#15 {main}
REQUEST_URI=/index.php
---
2014/04/25 06:17:54 [error] [php] mail(): SMTP server response: 550 Access denied - Invalid HELO name (See RFC2821 4.1.1.1) (D:\wamp\www\yiitest\protected\controllers\SiteController.php:67)
Stack trace:
#0 D:\wamp\www\yiitest\framework\web\CController.php(308): CInlineAction->runWithParams()
#1 D:\wamp\www\yiitest\framework\web\CController.php(286): SiteController->runAction()
#2 D:\wamp\www\yiitest\framework\web\CController.php(265): SiteController->runActionWithFilters()
#3 D:\wamp\www\yiitest\framework\web\CWebApplication.php(282): SiteController->run()
#4 D:\wamp\www\yiitest\framework\web\CWebApplication.php(141): CWebApplication->runController()
#5 D:\wamp\www\yiitest\framework\base\CApplication.php(180): CWebApplication->processRequest()
#6 D:\wamp\www\yiitest\index.php(13): CWebApplication->run()
REQUEST_URI=/index.php?r=site/contact
in D:\wamp\www\yiitest\protected\controllers\SiteController.php (67)
in D:\wamp\www\yiitest\index.php (13)
2014/04/25 07:08:43 [error] [exception.CDbException] exception 'CDbException' with message 'CDbConnection failed to open the DB connection: SQLSTATE[HY000] [1045] Access denied for user 'root'@'localhost' (using password: NO)' in D:\wamp\www\yiitest\framework\db\CDbConnection.php:382
Stack trace:
#0 D:\wamp\www\yiitest\framework\db\CDbConnection.php(330): CDbConnection->open()
#1 D:\wamp\www\yiitest\framework\db\CDbConnection.php(308): CDbConnection->setActive(true)
#2 D:\wamp\www\yiitest\framework\base\CModule.php(387): CDbConnection->init()
#3 D:\wamp\www\yiitest\framework\base\CModule.php(103): CModule->getComponent('db')
#4 D:\wamp\www\yiitest\framework\gii\generators\model\ModelCode.php(60): CModule->__get('db')
#5 D:\wamp\www\yiitest\framework\web\CFormModel.php(39): ModelCode->init()
#6 D:\wamp\www\yiitest\framework\gii\CCodeGenerator.php(153): CFormModel->__construct()
#7 D:\wamp\www\yiitest\framework\gii\CCodeGenerator.php(63): CCodeGenerator->prepare()
#8 D:\wamp\www\yiitest\framework\web\actions\CInlineAction.php(49): CCodeGenerator->actionIndex()
#9 D:\wamp\www\yiitest\framework\web\CController.php(308): CInlineAction->runWithParams(Array)
#10 D:\wamp\www\yiitest\framework\web\CController.php(286): CController->runAction(Object(CInlineAction))
#11 D:\wamp\www\yiitest\framework\web\CController.php(265): CController->runActionWithFilters(Object(CInlineAction), Array)
#12 D:\wamp\www\yiitest\framework\web\CWebApplication.php(282): CController->run('index')
#13 D:\wamp\www\yiitest\framework\web\CWebApplication.php(141): CWebApplication->runController('gii/model/index')
#14 D:\wamp\www\yiitest\framework\base\CApplication.php(180): CWebApplication->processRequest()
#15 D:\wamp\www\yiitest\index.php(13): CApplication->run()
#16 {main}
REQUEST_URI=/index.php?r=gii/model/index
HTTP_REFERER=http://www.yii.com:8080/index.php?r=gii/default/index
---
2014/04/25 07:09:12 [error] [exception.CDbException] exception 'CDbException' with message 'CDbConnection failed to open the DB connection: SQLSTATE[HY000] [1045] Access denied for user 'root'@'localhost' (using password: NO)' in D:\wamp\www\yiitest\framework\db\CDbConnection.php:382
Stack trace:
#0 D:\wamp\www\yiitest\framework\db\CDbConnection.php(330): CDbConnection->open()
#1 D:\wamp\www\yiitest\framework\db\CDbConnection.php(308): CDbConnection->setActive(true)
#2 D:\wamp\www\yiitest\framework\base\CModule.php(387): CDbConnection->init()
#3 D:\wamp\www\yiitest\framework\base\CModule.php(103): CModule->getComponent('db')
#4 D:\wamp\www\yiitest\framework\gii\generators\model\ModelCode.php(60): CModule->__get('db')
#5 D:\wamp\www\yiitest\framework\web\CFormModel.php(39): ModelCode->init()
#6 D:\wamp\www\yiitest\framework\gii\CCodeGenerator.php(153): CFormModel->__construct()
#7 D:\wamp\www\yiitest\framework\gii\CCodeGenerator.php(63): CCodeGenerator->prepare()
#8 D:\wamp\www\yiitest\framework\web\actions\CInlineAction.php(49): CCodeGenerator->actionIndex()
#9 D:\wamp\www\yiitest\framework\web\CController.php(308): CInlineAction->runWithParams(Array)
#10 D:\wamp\www\yiitest\framework\web\CController.php(286): CController->runAction(Object(CInlineAction))
#11 D:\wamp\www\yiitest\framework\web\CController.php(265): CController->runActionWithFilters(Object(CInlineAction), Array)
#12 D:\wamp\www\yiitest\framework\web\CWebApplication.php(282): CController->run('index')
#13 D:\wamp\www\yiitest\framework\web\CWebApplication.php(141): CWebApplication->runController('gii/model/index')
#14 D:\wamp\www\yiitest\framework\base\CApplication.php(180): CWebApplication->processRequest()
#15 D:\wamp\www\yiitest\index.php(13): CApplication->run()
#16 {main}
REQUEST_URI=/index.php?r=gii/model/index
HTTP_REFERER=http://www.yii.com:8080/index.php?r=gii/default/index
---
2014/04/25 07:09:16 [error] [exception.CHttpException.404] exception 'CHttpException' with message 'Unable to resolve the request "gii\".' in D:\wamp\www\yiitest\framework\web\CWebApplication.php:286
Stack trace:
#0 D:\wamp\www\yiitest\framework\web\CWebApplication.php(141): CWebApplication->runController('gii\')
#1 D:\wamp\www\yiitest\framework\base\CApplication.php(180): CWebApplication->processRequest()
#2 D:\wamp\www\yiitest\index.php(13): CApplication->run()
#3 {main}
REQUEST_URI=/index.php?r=gii\
---
2014/04/25 07:09:19 [error] [exception.CDbException] exception 'CDbException' with message 'CDbConnection failed to open the DB connection: SQLSTATE[HY000] [1045] Access denied for user 'root'@'localhost' (using password: NO)' in D:\wamp\www\yiitest\framework\db\CDbConnection.php:382
Stack trace:
#0 D:\wamp\www\yiitest\framework\db\CDbConnection.php(330): CDbConnection->open()
#1 D:\wamp\www\yiitest\framework\db\CDbConnection.php(308): CDbConnection->setActive(true)
#2 D:\wamp\www\yiitest\framework\base\CModule.php(387): CDbConnection->init()
#3 D:\wamp\www\yiitest\framework\base\CModule.php(103): CModule->getComponent('db')
#4 D:\wamp\www\yiitest\framework\gii\generators\model\ModelCode.php(60): CModule->__get('db')
#5 D:\wamp\www\yiitest\framework\web\CFormModel.php(39): ModelCode->init()
#6 D:\wamp\www\yiitest\framework\gii\CCodeGenerator.php(153): CFormModel->__construct()
#7 D:\wamp\www\yiitest\framework\gii\CCodeGenerator.php(63): CCodeGenerator->prepare()
#8 D:\wamp\www\yiitest\framework\web\actions\CInlineAction.php(49): CCodeGenerator->actionIndex()
#9 D:\wamp\www\yiitest\framework\web\CController.php(308): CInlineAction->runWithParams(Array)
#10 D:\wamp\www\yiitest\framework\web\CController.php(286): CController->runAction(Object(CInlineAction))
#11 D:\wamp\www\yiitest\framework\web\CController.php(265): CController->runActionWithFilters(Object(CInlineAction), Array)
#12 D:\wamp\www\yiitest\framework\web\CWebApplication.php(282): CController->run('index')
#13 D:\wamp\www\yiitest\framework\web\CWebApplication.php(141): CWebApplication->runController('gii/model/index')
#14 D:\wamp\www\yiitest\framework\base\CApplication.php(180): CWebApplication->processRequest()
#15 D:\wamp\www\yiitest\index.php(13): CApplication->run()
#16 {main}
REQUEST_URI=/index.php?r=gii/model/index
HTTP_REFERER=http://www.yii.com:8080/index.php?r=gii
---
2014/04/25 07:59:47 [error] [php] Undefined index: LoginForm (D:\wamp\www\yiitest\protected\controllers\SiteController.php:81)
Stack trace:
#0 D:\wamp\www\yiitest\framework\web\CController.php(286): SiteController->runAction()
#1 D:\wamp\www\yiitest\framework\web\CController.php(265): SiteController->runActionWithFilters()
#2 D:\wamp\www\yiitest\framework\web\CWebApplication.php(282): SiteController->run()
#3 D:\wamp\www\yiitest\framework\web\CWebApplication.php(141): CWebApplication->runController()
#4 D:\wamp\www\yiitest\framework\base\CApplication.php(180): CWebApplication->processRequest()
#5 D:\wamp\www\yiitest\index.php(13): CWebApplication->run()
REQUEST_URI=/index.php?r=site/login
in D:\wamp\www\yiitest\protected\controllers\SiteController.php (81)
in D:\wamp\www\yiitest\index.php (13)
2014/04/25 08:06:10 [error] [php] include(authenticate.php): failed to open stream: No such file or directory (D:\wamp\www\yiitest\framework\YiiBase.php:427)
Stack trace:
#0 D:\wamp\www\yiitest\framework\validators\CValidator.php(186): import()
#1 D:\wamp\www\yiitest\framework\base\CModel.php(287): createValidator()
#2 D:\wamp\www\yiitest\framework\base\CModel.php(260): User->createValidators()
#3 D:\wamp\www\yiitest\framework\base\CModel.php(304): User->getValidators()
#4 D:\wamp\www\yiitest\framework\web\helpers\CHtml.php(1414): User->isAttributeRequired()
#5 D:\wamp\www\yiitest\framework\web\widgets\CActiveForm.php(597): activeLabelEx()
#6 D:\wamp\www\yiitest\protected\views\site\login.php(26): CActiveForm->labelEx()
#7 D:\wamp\www\yiitest\framework\web\CBaseController.php(126): require()
#8 D:\wamp\www\yiitest\framework\web\CBaseController.php(95): SiteController->renderInternal()
#9 D:\wamp\www\yiitest\framework\web\CController.php(869): SiteController->renderFile()
#10 D:\wamp\www\yiitest\framework\web\CController.php(782): SiteController->renderPartial()
#11 D:\wamp\www\yiitest\protected\controllers\SiteController.php(115): SiteController->render()
#12 D:\wamp\www\yiitest\framework\web\actions\CInlineAction.php(49): SiteController->actionLogin()
#13 D:\wamp\www\yiitest\framework\web\CController.php(308): CInlineAction->runWithParams()
#14 D:\wamp\www\yiitest\framework\web\CController.php(286): SiteController->runAction()
#15 D:\wamp\www\yiitest\framework\web\CController.php(265): SiteController->runActionWithFilters()
#16 D:\wamp\www\yiitest\framework\web\CWebApplication.php(282): SiteController->run()
#17 D:\wamp\www\yiitest\framework\web\CWebApplication.php(141): CWebApplication->runController()
#18 D:\wamp\www\yiitest\framework\base\CApplication.php(180): CWebApplication->processRequest()
#19 D:\wamp\www\yiitest\index.php(13): CWebApplication->run()
REQUEST_URI=/index.php?r=site/login
in D:\wamp\www\yiitest\protected\views\site\login.php (26)
in D:\wamp\www\yiitest\protected\controllers\SiteController.php (115)
in D:\wamp\www\yiitest\index.php (13)
2014/04/25 08:06:13 [error] [php] include(authenticate.php): failed to open stream: No such file or directory (D:\wamp\www\yiitest\framework\YiiBase.php:427)
Stack trace:
#0 D:\wamp\www\yiitest\framework\validators\CValidator.php(186): import()
#1 D:\wamp\www\yiitest\framework\base\CModel.php(287): createValidator()
#2 D:\wamp\www\yiitest\framework\base\CModel.php(260): User->createValidators()
#3 D:\wamp\www\yiitest\framework\base\CModel.php(304): User->getValidators()
#4 D:\wamp\www\yiitest\framework\web\helpers\CHtml.php(1414): User->isAttributeRequired()
#5 D:\wamp\www\yiitest\framework\web\widgets\CActiveForm.php(597): activeLabelEx()
#6 D:\wamp\www\yiitest\protected\views\site\login.php(26): CActiveForm->labelEx()
#7 D:\wamp\www\yiitest\framework\web\CBaseController.php(126): require()
#8 D:\wamp\www\yiitest\framework\web\CBaseController.php(95): SiteController->renderInternal()
#9 D:\wamp\www\yiitest\framework\web\CController.php(869): SiteController->renderFile()
#10 D:\wamp\www\yiitest\framework\web\CController.php(782): SiteController->renderPartial()
#11 D:\wamp\www\yiitest\protected\controllers\SiteController.php(115): SiteController->render()
#12 D:\wamp\www\yiitest\framework\web\actions\CInlineAction.php(49): SiteController->actionLogin()
#13 D:\wamp\www\yiitest\framework\web\CController.php(308): CInlineAction->runWithParams()
#14 D:\wamp\www\yiitest\framework\web\CController.php(286): SiteController->runAction()
#15 D:\wamp\www\yiitest\framework\web\CController.php(265): SiteController->runActionWithFilters()
#16 D:\wamp\www\yiitest\framework\web\CWebApplication.php(282): SiteController->run()
#17 D:\wamp\www\yiitest\framework\web\CWebApplication.php(141): CWebApplication->runController()
#18 D:\wamp\www\yiitest\framework\base\CApplication.php(180): CWebApplication->processRequest()
#19 D:\wamp\www\yiitest\index.php(13): CWebApplication->run()
REQUEST_URI=/index.php?r=site/login
in D:\wamp\www\yiitest\protected\views\site\login.php (26)
in D:\wamp\www\yiitest\protected\controllers\SiteController.php (115)
in D:\wamp\www\yiitest\index.php (13)
2014/04/25 08:06:34 [error] [php] include(authenticate.php): failed to open stream: No such file or directory (D:\wamp\www\yiitest\framework\YiiBase.php:427)
Stack trace:
#0 D:\wamp\www\yiitest\framework\validators\CValidator.php(186): import()
#1 D:\wamp\www\yiitest\framework\base\CModel.php(287): createValidator()
#2 D:\wamp\www\yiitest\framework\base\CModel.php(260): User->createValidators()
#3 D:\wamp\www\yiitest\framework\base\CModel.php(304): User->getValidators()
#4 D:\wamp\www\yiitest\framework\web\helpers\CHtml.php(1414): User->isAttributeRequired()
#5 D:\wamp\www\yiitest\framework\web\widgets\CActiveForm.php(597): activeLabelEx()
#6 D:\wamp\www\yiitest\protected\views\site\login.php(26): CActiveForm->labelEx()
#7 D:\wamp\www\yiitest\framework\web\CBaseController.php(126): require()
#8 D:\wamp\www\yiitest\framework\web\CBaseController.php(95): SiteController->renderInternal()
#9 D:\wamp\www\yiitest\framework\web\CController.php(869): SiteController->renderFile()
#10 D:\wamp\www\yiitest\framework\web\CController.php(782): SiteController->renderPartial()
#11 D:\wamp\www\yiitest\protected\controllers\SiteController.php(115): SiteController->render()
#12 D:\wamp\www\yiitest\framework\web\actions\CInlineAction.php(49): SiteController->actionLogin()
#13 D:\wamp\www\yiitest\framework\web\CController.php(308): CInlineAction->runWithParams()
#14 D:\wamp\www\yiitest\framework\web\CController.php(286): SiteController->runAction()
#15 D:\wamp\www\yiitest\framework\web\CController.php(265): SiteController->runActionWithFilters()
#16 D:\wamp\www\yiitest\framework\web\CWebApplication.php(282): SiteController->run()
#17 D:\wamp\www\yiitest\framework\web\CWebApplication.php(141): CWebApplication->runController()
#18 D:\wamp\www\yiitest\framework\base\CApplication.php(180): CWebApplication->processRequest()
#19 D:\wamp\www\yiitest\index.php(13): CWebApplication->run()
REQUEST_URI=/index.php?r=site/login
in D:\wamp\www\yiitest\protected\views\site\login.php (26)
in D:\wamp\www\yiitest\protected\controllers\SiteController.php (115)
in D:\wamp\www\yiitest\index.php (13)
2014/04/25 08:16:28 [error] [php] include(authenticate.php): failed to open stream: No such file or directory (D:\wamp\www\yiitest\framework\YiiBase.php:427)
Stack trace:
#0 D:\wamp\www\yiitest\framework\validators\CValidator.php(186): import()
#1 D:\wamp\www\yiitest\framework\base\CModel.php(287): createValidator()
#2 D:\wamp\www\yiitest\framework\base\CModel.php(260): User->createValidators()
#3 D:\wamp\www\yiitest\framework\base\CModel.php(547): User->getValidators()
#4 D:\wamp\www\yiitest\framework\base\CModel.php(468): User->getSafeAttributeNames()
#5 D:\wamp\www\yiitest\framework\base\CComponent.php(152): User->setAttributes()
#6 D:\wamp\www\yiitest\framework\db\ar\CActiveRecord.php(161): User->__set()
#7 D:\wamp\www\yiitest\protected\controllers\SiteController.php(86): User->__set()
#8 D:\wamp\www\yiitest\framework\web\actions\CInlineAction.php(49): SiteController->actionLogin()
#9 D:\wamp\www\yiitest\framework\web\CController.php(308): CInlineAction->runWithParams()
#10 D:\wamp\www\yiitest\framework\web\CController.php(286): SiteController->runAction()
#11 D:\wamp\www\yiitest\framework\web\CController.php(265): SiteController->runActionWithFilters()
#12 D:\wamp\www\yiitest\framework\web\CWebApplication.php(282): SiteController->run()
#13 D:\wamp\www\yiitest\framework\web\CWebApplication.php(141): CWebApplication->runController()
#14 D:\wamp\www\yiitest\framework\base\CApplication.php(180): CWebApplication->processRequest()
#15 D:\wamp\www\yiitest\index.php(13): CWebApplication->run()
REQUEST_URI=/index.php?r=site/login
in D:\wamp\www\yiitest\protected\controllers\SiteController.php (86)
in D:\wamp\www\yiitest\index.php (13)
2014/04/25 08:16:42 [error] [php] include(authenticate.php): failed to open stream: No such file or directory (D:\wamp\www\yiitest\framework\YiiBase.php:427)
Stack trace:
#0 D:\wamp\www\yiitest\framework\validators\CValidator.php(186): import()
#1 D:\wamp\www\yiitest\framework\base\CModel.php(287): createValidator()
#2 D:\wamp\www\yiitest\framework\base\CModel.php(260): User->createValidators()
#3 D:\wamp\www\yiitest\framework\base\CModel.php(547): User->getValidators()
#4 D:\wamp\www\yiitest\framework\base\CModel.php(468): User->getSafeAttributeNames()
#5 D:\wamp\www\yiitest\framework\base\CComponent.php(152): User->setAttributes()
#6 D:\wamp\www\yiitest\framework\db\ar\CActiveRecord.php(161): User->__set()
#7 D:\wamp\www\yiitest\protected\controllers\SiteController.php(86): User->__set()
#8 D:\wamp\www\yiitest\framework\web\actions\CInlineAction.php(49): SiteController->actionLogin()
#9 D:\wamp\www\yiitest\framework\web\CController.php(308): CInlineAction->runWithParams()
#10 D:\wamp\www\yiitest\framework\web\CController.php(286): SiteController->runAction()
#11 D:\wamp\www\yiitest\framework\web\CController.php(265): SiteController->runActionWithFilters()
#12 D:\wamp\www\yiitest\framework\web\CWebApplication.php(282): SiteController->run()
#13 D:\wamp\www\yiitest\framework\web\CWebApplication.php(141): CWebApplication->runController()
#14 D:\wamp\www\yiitest\framework\base\CApplication.php(180): CWebApplication->processRequest()
#15 D:\wamp\www\yiitest\index.php(13): CWebApplication->run()
REQUEST_URI=/index.php?r=site/login
in D:\wamp\www\yiitest\protected\controllers\SiteController.php (86)
in D:\wamp\www\yiitest\index.php (13)
2014/04/25 08:16:46 [error] [php] include(authenticate.php): failed to open stream: No such file or directory (D:\wamp\www\yiitest\framework\YiiBase.php:427)
Stack trace:
#0 D:\wamp\www\yiitest\framework\validators\CValidator.php(186): import()
#1 D:\wamp\www\yiitest\framework\base\CModel.php(287): createValidator()
#2 D:\wamp\www\yiitest\framework\base\CModel.php(260): User->createValidators()
#3 D:\wamp\www\yiitest\framework\base\CModel.php(304): User->getValidators()
#4 D:\wamp\www\yiitest\framework\web\helpers\CHtml.php(1414): User->isAttributeRequired()
#5 D:\wamp\www\yiitest\framework\web\widgets\CActiveForm.php(597): activeLabelEx()
#6 D:\wamp\www\yiitest\protected\views\site\login.php(26): CActiveForm->labelEx()
#7 D:\wamp\www\yiitest\framework\web\CBaseController.php(126): require()
#8 D:\wamp\www\yiitest\framework\web\CBaseController.php(95): SiteController->renderInternal()
#9 D:\wamp\www\yiitest\framework\web\CController.php(869): SiteController->renderFile()
#10 D:\wamp\www\yiitest\framework\web\CController.php(782): SiteController->renderPartial()
#11 D:\wamp\www\yiitest\protected\controllers\SiteController.php(106): SiteController->render()
#12 D:\wamp\www\yiitest\framework\web\actions\CInlineAction.php(49): SiteController->actionLogin()
#13 D:\wamp\www\yiitest\framework\web\CController.php(308): CInlineAction->runWithParams()
#14 D:\wamp\www\yiitest\framework\web\CController.php(286): SiteController->runAction()
#15 D:\wamp\www\yiitest\framework\web\CController.php(265): SiteController->runActionWithFilters()
#16 D:\wamp\www\yiitest\framework\web\CWebApplication.php(282): SiteController->run()
#17 D:\wamp\www\yiitest\framework\web\CWebApplication.php(141): CWebApplication->runController()
#18 D:\wamp\www\yiitest\framework\base\CApplication.php(180): CWebApplication->processRequest()
#19 D:\wamp\www\yiitest\index.php(13): CWebApplication->run()
REQUEST_URI=/index.php?r=site/login
in D:\wamp\www\yiitest\protected\views\site\login.php (26)
in D:\wamp\www\yiitest\protected\controllers\SiteController.php (106)
in D:\wamp\www\yiitest\index.php (13)
2014/04/25 08:18:54 [error] [php] include(authenticate.php): failed to open stream: No such file or directory (D:\wamp\www\yiitest\framework\YiiBase.php:427)
Stack trace:
#0 D:\wamp\www\yiitest\framework\validators\CValidator.php(186): import()
#1 D:\wamp\www\yiitest\framework\base\CModel.php(287): createValidator()
#2 D:\wamp\www\yiitest\framework\base\CModel.php(260): User->createValidators()
#3 D:\wamp\www\yiitest\framework\base\CModel.php(304): User->getValidators()
#4 D:\wamp\www\yiitest\framework\web\helpers\CHtml.php(1414): User->isAttributeRequired()
#5 D:\wamp\www\yiitest\framework\web\widgets\CActiveForm.php(597): activeLabelEx()
#6 D:\wamp\www\yiitest\protected\views\site\login.php(26): CActiveForm->labelEx()
#7 D:\wamp\www\yiitest\framework\web\CBaseController.php(126): require()
#8 D:\wamp\www\yiitest\framework\web\CBaseController.php(95): SiteController->renderInternal()
#9 D:\wamp\www\yiitest\framework\web\CController.php(869): SiteController->renderFile()
#10 D:\wamp\www\yiitest\framework\web\CController.php(782): SiteController->renderPartial()
#11 D:\wamp\www\yiitest\protected\controllers\SiteController.php(106): SiteController->render()
#12 D:\wamp\www\yiitest\framework\web\actions\CInlineAction.php(49): SiteController->actionLogin()
#13 D:\wamp\www\yiitest\framework\web\CController.php(308): CInlineAction->runWithParams()
#14 D:\wamp\www\yiitest\framework\web\CController.php(286): SiteController->runAction()
#15 D:\wamp\www\yiitest\framework\web\CController.php(265): SiteController->runActionWithFilters()
#16 D:\wamp\www\yiitest\framework\web\CWebApplication.php(282): SiteController->run()
#17 D:\wamp\www\yiitest\framework\web\CWebApplication.php(141): CWebApplication->runController()
#18 D:\wamp\www\yiitest\framework\base\CApplication.php(180): CWebApplication->processRequest()
#19 D:\wamp\www\yiitest\index.php(13): CWebApplication->run()
REQUEST_URI=/index.php?r=site/login
in D:\wamp\www\yiitest\protected\views\site\login.php (26)
in D:\wamp\www\yiitest\protected\controllers\SiteController.php (106)
in D:\wamp\www\yiitest\index.php (13)
2014/04/25 09:31:46 [error] [exception.CException] exception 'CException' with message 'Property "User.nickname" is not defined.' in D:\wamp\www\yiitest\framework\base\CComponent.php:130
Stack trace:
#0 D:\wamp\www\yiitest\framework\db\ar\CActiveRecord.php(145): CComponent->__get('nickname')
#1 D:\wamp\www\yiitest\framework\base\CModel.php(596): CActiveRecord->__get('nickname')
#2 D:\wamp\www\yiitest\protected\models\User.php(92): CModel->offsetGet('nickname')
#3 D:\wamp\www\yiitest\protected\controllers\SiteController.php(88): User->checkLogin()
#4 D:\wamp\www\yiitest\framework\web\actions\CInlineAction.php(49): SiteController->actionLogin()
#5 D:\wamp\www\yiitest\framework\web\CController.php(308): CInlineAction->runWithParams(Array)
#6 D:\wamp\www\yiitest\framework\web\CController.php(286): CController->runAction(Object(CInlineAction))
#7 D:\wamp\www\yiitest\framework\web\CController.php(265): CController->runActionWithFilters(Object(CInlineAction), Array)
#8 D:\wamp\www\yiitest\framework\web\CWebApplication.php(282): CController->run('login')
#9 D:\wamp\www\yiitest\framework\web\CWebApplication.php(141): CWebApplication->runController('site/login')
#10 D:\wamp\www\yiitest\framework\base\CApplication.php(180): CWebApplication->processRequest()
#11 D:\wamp\www\yiitest\index.php(13): CApplication->run()
#12 {main}
REQUEST_URI=/index.php?r=site/login
HTTP_REFERER=http://www.yii.com:8080/index.php?r=site/login
---
2014/04/28 07:52:27 [error] [php] Missing argument 1 for User::checkLogin(), called in D:\wamp\www\yiitest\protected\controllers\SiteController.php on line 88 and defined (D:\wamp\www\yiitest\protected\models\User.php:85)
Stack trace:
#0 D:\wamp\www\yiitest\framework\web\CController.php(308): CInlineAction->runWithParams()
#1 D:\wamp\www\yiitest\framework\web\CController.php(286): SiteController->runAction()
#2 D:\wamp\www\yiitest\framework\web\CController.php(265): SiteController->runActionWithFilters()
#3 D:\wamp\www\yiitest\framework\web\CWebApplication.php(282): SiteController->run()
#4 D:\wamp\www\yiitest\framework\web\CWebApplication.php(141): CWebApplication->runController()
#5 D:\wamp\www\yiitest\framework\base\CApplication.php(180): CWebApplication->processRequest()
#6 D:\wamp\www\yiitest\index.php(13): CWebApplication->run()
REQUEST_URI=/index.php?r=site/login
in D:\wamp\www\yiitest\protected\models\User.php (85)
in D:\wamp\www\yiitest\protected\controllers\SiteController.php (88)
in D:\wamp\www\yiitest\index.php (13)
2014/04/28 07:53:14 [error] [php] Missing argument 1 for User::checkLogin(), called in D:\wamp\www\yiitest\protected\controllers\SiteController.php on line 88 and defined (D:\wamp\www\yiitest\protected\models\User.php:85)
Stack trace:
#0 D:\wamp\www\yiitest\framework\web\CController.php(308): CInlineAction->runWithParams()
#1 D:\wamp\www\yiitest\framework\web\CController.php(286): SiteController->runAction()
#2 D:\wamp\www\yiitest\framework\web\CController.php(265): SiteController->runActionWithFilters()
#3 D:\wamp\www\yiitest\framework\web\CWebApplication.php(282): SiteController->run()
#4 D:\wamp\www\yiitest\framework\web\CWebApplication.php(141): CWebApplication->runController()
#5 D:\wamp\www\yiitest\framework\base\CApplication.php(180): CWebApplication->processRequest()
#6 D:\wamp\www\yiitest\index.php(13): CWebApplication->run()
REQUEST_URI=/index.php?r=site/login
in D:\wamp\www\yiitest\protected\models\User.php (85)
in D:\wamp\www\yiitest\protected\controllers\SiteController.php (88)
in D:\wamp\www\yiitest\index.php (13)
2014/04/28 07:53:37 [error] [php] Missing argument 1 for User::checkLogin(), called in D:\wamp\www\yiitest\protected\controllers\SiteController.php on line 88 and defined (D:\wamp\www\yiitest\protected\models\User.php:85)
Stack trace:
#0 D:\wamp\www\yiitest\framework\web\CController.php(308): CInlineAction->runWithParams()
#1 D:\wamp\www\yiitest\framework\web\CController.php(286): SiteController->runAction()
#2 D:\wamp\www\yiitest\framework\web\CController.php(265): SiteController->runActionWithFilters()
#3 D:\wamp\www\yiitest\framework\web\CWebApplication.php(282): SiteController->run()
#4 D:\wamp\www\yiitest\framework\web\CWebApplication.php(141): CWebApplication->runController()
#5 D:\wamp\www\yiitest\framework\base\CApplication.php(180): CWebApplication->processRequest()
#6 D:\wamp\www\yiitest\index.php(13): CWebApplication->run()
REQUEST_URI=/index.php?r=site/login
in D:\wamp\www\yiitest\protected\models\User.php (85)
in D:\wamp\www\yiitest\protected\controllers\SiteController.php (88)
in D:\wamp\www\yiitest\index.php (13)
2014/04/28 07:53:42 [error] [php] Missing argument 1 for User::checkLogin(), called in D:\wamp\www\yiitest\protected\controllers\SiteController.php on line 88 and defined (D:\wamp\www\yiitest\protected\models\User.php:85)
Stack trace:
#0 D:\wamp\www\yiitest\framework\web\CController.php(308): CInlineAction->runWithParams()
#1 D:\wamp\www\yiitest\framework\web\CController.php(286): SiteController->runAction()
#2 D:\wamp\www\yiitest\framework\web\CController.php(265): SiteController->runActionWithFilters()
#3 D:\wamp\www\yiitest\framework\web\CWebApplication.php(282): SiteController->run()
#4 D:\wamp\www\yiitest\framework\web\CWebApplication.php(141): CWebApplication->runController()
#5 D:\wamp\www\yiitest\framework\base\CApplication.php(180): CWebApplication->processRequest()
#6 D:\wamp\www\yiitest\index.php(13): CWebApplication->run()
REQUEST_URI=/index.php?r=site/login
in D:\wamp\www\yiitest\protected\models\User.php (85)
in D:\wamp\www\yiitest\protected\controllers\SiteController.php (88)
in D:\wamp\www\yiitest\index.php (13)
2014/04/28 07:54:29 [error] [php] Missing argument 1 for User::checkUserLogin(), called in D:\wamp\www\yiitest\protected\controllers\SiteController.php on line 88 and defined (D:\wamp\www\yiitest\protected\models\User.php:85)
Stack trace:
#0 D:\wamp\www\yiitest\framework\web\CController.php(308): CInlineAction->runWithParams()
#1 D:\wamp\www\yiitest\framework\web\CController.php(286): SiteController->runAction()
#2 D:\wamp\www\yiitest\framework\web\CController.php(265): SiteController->runActionWithFilters()
#3 D:\wamp\www\yiitest\framework\web\CWebApplication.php(282): SiteController->run()
#4 D:\wamp\www\yiitest\framework\web\CWebApplication.php(141): CWebApplication->runController()
#5 D:\wamp\www\yiitest\framework\base\CApplication.php(180): CWebApplication->processRequest()
#6 D:\wamp\www\yiitest\index.php(13): CWebApplication->run()
REQUEST_URI=/index.php?r=site/login
in D:\wamp\www\yiitest\protected\models\User.php (85)
in D:\wamp\www\yiitest\protected\controllers\SiteController.php (88)
in D:\wamp\www\yiitest\index.php (13)
2014/04/28 07:54:59 [error] [php] Missing argument 1 for User::checkUserLogin(), called in D:\wamp\www\yiitest\protected\controllers\SiteController.php on line 88 and defined (D:\wamp\www\yiitest\protected\models\User.php:85)
Stack trace:
#0 D:\wamp\www\yiitest\framework\web\CController.php(308): CInlineAction->runWithParams()
#1 D:\wamp\www\yiitest\framework\web\CController.php(286): SiteController->runAction()
#2 D:\wamp\www\yiitest\framework\web\CController.php(265): SiteController->runActionWithFilters()
#3 D:\wamp\www\yiitest\framework\web\CWebApplication.php(282): SiteController->run()
#4 D:\wamp\www\yiitest\framework\web\CWebApplication.php(141): CWebApplication->runController()
#5 D:\wamp\www\yiitest\framework\base\CApplication.php(180): CWebApplication->processRequest()
#6 D:\wamp\www\yiitest\index.php(13): CWebApplication->run()
REQUEST_URI=/index.php?r=site/login
in D:\wamp\www\yiitest\protected\models\User.php (85)
in D:\wamp\www\yiitest\protected\controllers\SiteController.php (88)
in D:\wamp\www\yiitest\index.php (13)
2014/04/28 08:03:11 [error] [exception.CException] exception 'CException' with message 'Property "User._identity" is not defined.' in D:\wamp\www\yiitest\framework\base\CComponent.php:130
Stack trace:
#0 D:\wamp\www\yiitest\framework\db\ar\CActiveRecord.php(145): CComponent->__get('_identity')
#1 D:\wamp\www\yiitest\protected\models\User.php(87): CActiveRecord->__get('_identity')
#2 D:\wamp\www\yiitest\protected\controllers\SiteController.php(86): User->login()
#3 D:\wamp\www\yiitest\framework\web\actions\CInlineAction.php(49): SiteController->actionLogin()
#4 D:\wamp\www\yiitest\framework\web\CController.php(308): CInlineAction->runWithParams(Array)
#5 D:\wamp\www\yiitest\framework\web\CController.php(286): CController->runAction(Object(CInlineAction))
#6 D:\wamp\www\yiitest\framework\web\CController.php(265): CController->runActionWithFilters(Object(CInlineAction), Array)
#7 D:\wamp\www\yiitest\framework\web\CWebApplication.php(282): CController->run('login')
#8 D:\wamp\www\yiitest\framework\web\CWebApplication.php(141): CWebApplication->runController('site/login')
#9 D:\wamp\www\yiitest\framework\base\CApplication.php(180): CWebApplication->processRequest()
#10 D:\wamp\www\yiitest\index.php(13): CApplication->run()
#11 {main}
REQUEST_URI=/index.php?r=site/login
HTTP_REFERER=http://www.yii.com/index.php?r=site/login
---
2014/04/28 08:03:51 [error] [exception.CException] exception 'CException' with message 'Property "User._identity" is not defined.' in D:\wamp\www\yiitest\framework\base\CComponent.php:130
Stack trace:
#0 D:\wamp\www\yiitest\framework\db\ar\CActiveRecord.php(145): CComponent->__get('_identity')
#1 D:\wamp\www\yiitest\protected\models\User.php(87): CActiveRecord->__get('_identity')
#2 D:\wamp\www\yiitest\protected\controllers\SiteController.php(86): User->login()
#3 D:\wamp\www\yiitest\framework\web\actions\CInlineAction.php(49): SiteController->actionLogin()
#4 D:\wamp\www\yiitest\framework\web\CController.php(308): CInlineAction->runWithParams(Array)
#5 D:\wamp\www\yiitest\framework\web\CController.php(286): CController->runAction(Object(CInlineAction))
#6 D:\wamp\www\yiitest\framework\web\CController.php(265): CController->runActionWithFilters(Object(CInlineAction), Array)
#7 D:\wamp\www\yiitest\framework\web\CWebApplication.php(282): CController->run('login')
#8 D:\wamp\www\yiitest\framework\web\CWebApplication.php(141): CWebApplication->runController('site/login')
#9 D:\wamp\www\yiitest\framework\base\CApplication.php(180): CWebApplication->processRequest()
#10 D:\wamp\www\yiitest\index.php(13): CApplication->run()
#11 {main}
REQUEST_URI=/index.php?r=site/login
HTTP_REFERER=http://www.yii.com/index.php?r=site/login
---
2014/04/28 08:04:21 [error] [exception.CException] exception 'CException' with message 'Property "User._identity" is not defined.' in D:\wamp\www\yiitest\framework\base\CComponent.php:130
Stack trace:
#0 D:\wamp\www\yiitest\framework\db\ar\CActiveRecord.php(145): CComponent->__get('_identity')
#1 D:\wamp\www\yiitest\protected\models\User.php(86): CActiveRecord->__get('_identity')
#2 D:\wamp\www\yiitest\protected\controllers\SiteController.php(86): User->login()
#3 D:\wamp\www\yiitest\framework\web\actions\CInlineAction.php(49): SiteController->actionLogin()
#4 D:\wamp\www\yiitest\framework\web\CController.php(308): CInlineAction->runWithParams(Array)
#5 D:\wamp\www\yiitest\framework\web\CController.php(286): CController->runAction(Object(CInlineAction))
#6 D:\wamp\www\yiitest\framework\web\CController.php(265): CController->runActionWithFilters(Object(CInlineAction), Array)
#7 D:\wamp\www\yiitest\framework\web\CWebApplication.php(282): CController->run('login')
#8 D:\wamp\www\yiitest\framework\web\CWebApplication.php(141): CWebApplication->runController('site/login')
#9 D:\wamp\www\yiitest\framework\base\CApplication.php(180): CWebApplication->processRequest()
#10 D:\wamp\www\yiitest\index.php(13): CApplication->run()
#11 {main}
REQUEST_URI=/index.php?r=site/login
HTTP_REFERER=http://www.yii.com/index.php?r=site/login
---
2014/04/28 08:07:57 [error] [exception.CException] exception 'CException' with message 'CWebUser and its behaviors do not have a method or closure named "get".' in D:\wamp\www\yiitest\framework\base\CComponent.php:266
Stack trace:
#0 D:\wamp\www\yiitest\protected\models\User.php(116): CComponent->__call('get', Array)
#1 D:\wamp\www\yiitest\protected\models\User.php(116): CWebUser->get('userId')
#2 D:\wamp\www\yiitest\protected\components\UserIdentity.php(21): User->safeLogin('demo', '123456')
#3 D:\wamp\www\yiitest\protected\models\User.php(95): UserIdentity->authenticate()
#4 D:\wamp\www\yiitest\protected\controllers\SiteController.php(86): User->login()
#5 D:\wamp\www\yiitest\framework\web\actions\CInlineAction.php(49): SiteController->actionLogin()
#6 D:\wamp\www\yiitest\framework\web\CController.php(308): CInlineAction->runWithParams(Array)
#7 D:\wamp\www\yiitest\framework\web\CController.php(286): CController->runAction(Object(CInlineAction))
#8 D:\wamp\www\yiitest\framework\web\CController.php(265): CController->runActionWithFilters(Object(CInlineAction), Array)
#9 D:\wamp\www\yiitest\framework\web\CWebApplication.php(282): CController->run('login')
#10 D:\wamp\www\yiitest\framework\web\CWebApplication.php(141): CWebApplication->runController('site/login')
#11 D:\wamp\www\yiitest\framework\base\CApplication.php(180): CWebApplication->processRequest()
#12 D:\wamp\www\yiitest\index.php(13): CApplication->run()
#13 {main}
REQUEST_URI=/index.php?r=site/login
HTTP_REFERER=http://www.yii.com/index.php?r=site/login
---
2014/04/28 08:08:02 [error] [exception.CException] exception 'CException' with message 'CWebUser and its behaviors do not have a method or closure named "get".' in D:\wamp\www\yiitest\framework\base\CComponent.php:266
Stack trace:
#0 D:\wamp\www\yiitest\protected\models\User.php(116): CComponent->__call('get', Array)
#1 D:\wamp\www\yiitest\protected\models\User.php(116): CWebUser->get()
#2 D:\wamp\www\yiitest\protected\components\UserIdentity.php(21): User->safeLogin('demo', '123456')
#3 D:\wamp\www\yiitest\protected\models\User.php(95): UserIdentity->authenticate()
#4 D:\wamp\www\yiitest\protected\controllers\SiteController.php(86): User->login()
#5 D:\wamp\www\yiitest\framework\web\actions\CInlineAction.php(49): SiteController->actionLogin()
#6 D:\wamp\www\yiitest\framework\web\CController.php(308): CInlineAction->runWithParams(Array)
#7 D:\wamp\www\yiitest\framework\web\CController.php(286): CController->runAction(Object(CInlineAction))
#8 D:\wamp\www\yiitest\framework\web\CController.php(265): CController->runActionWithFilters(Object(CInlineAction), Array)
#9 D:\wamp\www\yiitest\framework\web\CWebApplication.php(282): CController->run('login')
#10 D:\wamp\www\yiitest\framework\web\CWebApplication.php(141): CWebApplication->runController('site/login')
#11 D:\wamp\www\yiitest\framework\base\CApplication.php(180): CWebApplication->processRequest()
#12 D:\wamp\www\yiitest\index.php(13): CApplication->run()
#13 {main}
REQUEST_URI=/index.php?r=site/login
HTTP_REFERER=http://www.yii.com/index.php?r=site/login
---
2014/04/28 08:08:47 [error] [exception.CException] exception 'CException' with message 'CWebUser and its behaviors do not have a method or closure named "get".' in D:\wamp\www\yiitest\framework\base\CComponent.php:266
Stack trace:
#0 D:\wamp\www\yiitest\protected\models\User.php(116): CComponent->__call('get', Array)
#1 D:\wamp\www\yiitest\protected\models\User.php(116): CWebUser->get('username')
#2 D:\wamp\www\yiitest\protected\components\UserIdentity.php(21): User->safeLogin('demo', '123456')
#3 D:\wamp\www\yiitest\protected\models\User.php(95): UserIdentity->authenticate()
#4 D:\wamp\www\yiitest\protected\controllers\SiteController.php(86): User->login()
#5 D:\wamp\www\yiitest\framework\web\actions\CInlineAction.php(49): SiteController->actionLogin()
#6 D:\wamp\www\yiitest\framework\web\CController.php(308): CInlineAction->runWithParams(Array)
#7 D:\wamp\www\yiitest\framework\web\CController.php(286): CController->runAction(Object(CInlineAction))
#8 D:\wamp\www\yiitest\framework\web\CController.php(265): CController->runActionWithFilters(Object(CInlineAction), Array)
#9 D:\wamp\www\yiitest\framework\web\CWebApplication.php(282): CController->run('login')
#10 D:\wamp\www\yiitest\framework\web\CWebApplication.php(141): CWebApplication->runController('site/login')
#11 D:\wamp\www\yiitest\framework\base\CApplication.php(180): CWebApplication->processRequest()
#12 D:\wamp\www\yiitest\index.php(13): CApplication->run()
#13 {main}
REQUEST_URI=/index.php?r=site/login
HTTP_REFERER=http://www.yii.com/index.php?r=site/login
---
2014/04/28 08:08:54 [error] [exception.CException] exception 'CException' with message 'CWebUser and its behaviors do not have a method or closure named "get".' in D:\wamp\www\yiitest\framework\base\CComponent.php:266
Stack trace:
#0 D:\wamp\www\yiitest\protected\models\User.php(116): CComponent->__call('get', Array)
#1 D:\wamp\www\yiitest\protected\models\User.php(116): CWebUser->get()
#2 D:\wamp\www\yiitest\protected\components\UserIdentity.php(21): User->safeLogin('demo', '123456')
#3 D:\wamp\www\yiitest\protected\models\User.php(95): UserIdentity->authenticate()
#4 D:\wamp\www\yiitest\protected\controllers\SiteController.php(86): User->login()
#5 D:\wamp\www\yiitest\framework\web\actions\CInlineAction.php(49): SiteController->actionLogin()
#6 D:\wamp\www\yiitest\framework\web\CController.php(308): CInlineAction->runWithParams(Array)
#7 D:\wamp\www\yiitest\framework\web\CController.php(286): CController->runAction(Object(CInlineAction))
#8 D:\wamp\www\yiitest\framework\web\CController.php(265): CController->runActionWithFilters(Object(CInlineAction), Array)
#9 D:\wamp\www\yiitest\framework\web\CWebApplication.php(282): CController->run('login')
#10 D:\wamp\www\yiitest\framework\web\CWebApplication.php(141): CWebApplication->runController('site/login')
#11 D:\wamp\www\yiitest\framework\base\CApplication.php(180): CWebApplication->processRequest()
#12 D:\wamp\www\yiitest\index.php(13): CApplication->run()
#13 {main}
REQUEST_URI=/index.php?r=site/login
HTTP_REFERER=http://www.yii.com/index.php?r=site/login
---
2014/04/28 08:11:19 [error] [exception.CException] exception 'CException' with message 'Property "UserIdentity.userInfoModel" is not defined.' in D:\wamp\www\yiitest\framework\base\CComponent.php:173
Stack trace:
#0 D:\wamp\www\yiitest\protected\components\UserIdentity.php(22): CComponent->__set('userInfoModel', Object(User))
#1 D:\wamp\www\yiitest\protected\models\User.php(95): UserIdentity->authenticate()
#2 D:\wamp\www\yiitest\protected\controllers\SiteController.php(86): User->login()
#3 D:\wamp\www\yiitest\framework\web\actions\CInlineAction.php(49): SiteController->actionLogin()
#4 D:\wamp\www\yiitest\framework\web\CController.php(308): CInlineAction->runWithParams(Array)
#5 D:\wamp\www\yiitest\framework\web\CController.php(286): CController->runAction(Object(CInlineAction))
#6 D:\wamp\www\yiitest\framework\web\CController.php(265): CController->runActionWithFilters(Object(CInlineAction), Array)
#7 D:\wamp\www\yiitest\framework\web\CWebApplication.php(282): CController->run('login')
#8 D:\wamp\www\yiitest\framework\web\CWebApplication.php(141): CWebApplication->runController('site/login')
#9 D:\wamp\www\yiitest\framework\base\CApplication.php(180): CWebApplication->processRequest()
#10 D:\wamp\www\yiitest\index.php(13): CApplication->run()
#11 {main}
REQUEST_URI=/index.php?r=site/login
HTTP_REFERER=http://www.yii.com/index.php?r=site/login
---
2014/04/28 08:12:25 [error] [exception.CException] exception 'CException' with message 'Property "UserIdentity.userInfoModel" is not defined.' in D:\wamp\www\yiitest\framework\base\CComponent.php:130
Stack trace:
#0 D:\wamp\www\yiitest\protected\models\User.php(99): CComponent->__get('userInfoModel')
#1 D:\wamp\www\yiitest\protected\controllers\SiteController.php(86): User->login()
#2 D:\wamp\www\yiitest\framework\web\actions\CInlineAction.php(49): SiteController->actionLogin()
#3 D:\wamp\www\yiitest\framework\web\CController.php(308): CInlineAction->runWithParams(Array)
#4 D:\wamp\www\yiitest\framework\web\CController.php(286): CController->runAction(Object(CInlineAction))
#5 D:\wamp\www\yiitest\framework\web\CController.php(265): CController->runActionWithFilters(Object(CInlineAction), Array)
#6 D:\wamp\www\yiitest\framework\web\CWebApplication.php(282): CController->run('login')
#7 D:\wamp\www\yiitest\framework\web\CWebApplication.php(141): CWebApplication->runController('site/login')
#8 D:\wamp\www\yiitest\framework\base\CApplication.php(180): CWebApplication->processRequest()
#9 D:\wamp\www\yiitest\index.php(13): CApplication->run()
#10 {main}
REQUEST_URI=/index.php?r=site/login
HTTP_REFERER=http://www.yii.com/index.php?r=site/login
---
2014/04/28 08:12:46 [error] [exception.CException] exception 'CException' with message 'Property "User._userInfo" is not defined.' in D:\wamp\www\yiitest\framework\base\CComponent.php:173
Stack trace:
#0 D:\wamp\www\yiitest\framework\db\ar\CActiveRecord.php(161): CComponent->__set('_userInfo', Object(User))
#1 D:\wamp\www\yiitest\protected\models\User.php(99): CActiveRecord->__set('_userInfo', Object(User))
#2 D:\wamp\www\yiitest\protected\controllers\SiteController.php(86): User->login()
#3 D:\wamp\www\yiitest\framework\web\actions\CInlineAction.php(49): SiteController->actionLogin()
#4 D:\wamp\www\yiitest\framework\web\CController.php(308): CInlineAction->runWithParams(Array)
#5 D:\wamp\www\yiitest\framework\web\CController.php(286): CController->runAction(Object(CInlineAction))
#6 D:\wamp\www\yiitest\framework\web\CController.php(265): CController->runActionWithFilters(Object(CInlineAction), Array)
#7 D:\wamp\www\yiitest\framework\web\CWebApplication.php(282): CController->run('login')
#8 D:\wamp\www\yiitest\framework\web\CWebApplication.php(141): CWebApplication->runController('site/login')
#9 D:\wamp\www\yiitest\framework\base\CApplication.php(180): CWebApplication->processRequest()
#10 D:\wamp\www\yiitest\index.php(13): CApplication->run()
#11 {main}
REQUEST_URI=/index.php?r=site/login
HTTP_REFERER=http://www.yii.com/index.php?r=site/login
---
2014/04/28 08:13:30 [error] [exception.CException] exception 'CException' with message 'Property "User._userInfo" is not defined.' in D:\wamp\www\yiitest\framework\base\CComponent.php:173
Stack trace:
#0 D:\wamp\www\yiitest\framework\db\ar\CActiveRecord.php(161): CComponent->__set('_userInfo', Object(User))
#1 D:\wamp\www\yiitest\protected\models\User.php(99): CActiveRecord->__set('_userInfo', Object(User))
#2 D:\wamp\www\yiitest\protected\controllers\SiteController.php(86): User->login()
#3 D:\wamp\www\yiitest\framework\web\actions\CInlineAction.php(49): SiteController->actionLogin()
#4 D:\wamp\www\yiitest\framework\web\CController.php(308): CInlineAction->runWithParams(Array)
#5 D:\wamp\www\yiitest\framework\web\CController.php(286): CController->runAction(Object(CInlineAction))
#6 D:\wamp\www\yiitest\framework\web\CController.php(265): CController->runActionWithFilters(Object(CInlineAction), Array)
#7 D:\wamp\www\yiitest\framework\web\CWebApplication.php(282): CController->run('login')
#8 D:\wamp\www\yiitest\framework\web\CWebApplication.php(141): CWebApplication->runController('site/login')
#9 D:\wamp\www\yiitest\framework\base\CApplication.php(180): CWebApplication->processRequest()
#10 D:\wamp\www\yiitest\index.php(13): CApplication->run()
#11 {main}
REQUEST_URI=/index.php?r=site/login
HTTP_REFERER=http://www.yii.com/index.php?r=site/login
---
2014/04/28 08:15:25 [error] [exception.CException] exception 'CException' with message 'Property "User._userInfo" is not defined.' in D:\wamp\www\yiitest\framework\base\CComponent.php:173
Stack trace:
#0 D:\wamp\www\yiitest\framework\db\ar\CActiveRecord.php(161): CComponent->__set('_userInfo', Object(User))
#1 D:\wamp\www\yiitest\protected\models\User.php(101): CActiveRecord->__set('_userInfo', Object(User))
#2 D:\wamp\www\yiitest\protected\controllers\SiteController.php(86): User->login()
#3 D:\wamp\www\yiitest\framework\web\actions\CInlineAction.php(49): SiteController->actionLogin()
#4 D:\wamp\www\yiitest\framework\web\CController.php(308): CInlineAction->runWithParams(Array)
#5 D:\wamp\www\yiitest\framework\web\CController.php(286): CController->runAction(Object(CInlineAction))
#6 D:\wamp\www\yiitest\framework\web\CController.php(265): CController->runActionWithFilters(Object(CInlineAction), Array)
#7 D:\wamp\www\yiitest\framework\web\CWebApplication.php(282): CController->run('login')
#8 D:\wamp\www\yiitest\framework\web\CWebApplication.php(141): CWebApplication->runController('site/login')
#9 D:\wamp\www\yiitest\framework\base\CApplication.php(180): CWebApplication->processRequest()
#10 D:\wamp\www\yiitest\index.php(13): CApplication->run()
#11 {main}
REQUEST_URI=/index.php?r=site/login
HTTP_REFERER=http://www.yii.com/index.php?r=site/login
---
